<?xml version="1.0" encoding="UTF-8"?>
<!-- Generated by org.testng.reporters.JUnitReportReporter -->
<testsuite hostname="LAPTOP-MNGU4OV9" failures="0" tests="10" name="testCases.HybridExecuteTest" time="22.476" errors="0" timestamp="2024-01-21T23:48:48 IST" skipped="0">
  <testcase classname="testCases.HybridExecuteTest" name="testLogin" time="5.703"/>
  <system-out/>
  <testcase classname="testCases.HybridExecuteTest" name="testLogin" time="0.082"/>
  <system-out/>
  <testcase classname="testCases.HybridExecuteTest" name="testLogin" time="6.588"/>
  <system-out/>
  <testcase classname="testCases.HybridExecuteTest" name="testLogin" time="0.305"/>
  <system-out/>
  <testcase classname="testCases.HybridExecuteTest" name="testLogin" time="0.065"/>
  <system-out/>
  <testcase classname="testCases.HybridExecuteTest" name="testLogin" time="0.159"/>
  <system-out/>
  <testcase classname="testCases.HybridExecuteTest" name="testLogin" time="0.277"/>
  <system-out/>
  <testcase classname="testCases.HybridExecuteTest" name="testLogin" time="4.930"/>
  <system-out/>
  <testcase classname="testCases.HybridExecuteTest" name="testLogin" time="4.217"/>
  <system-out/>
  <testcase classname="testCases.HybridExecuteTest" name="testLogin" time="0.150"/>
  <system-out/>
</testsuite> <!-- testCases.HybridExecuteTest -->
