<?xml version="1.0" encoding="UTF-8"?>
<!-- Generated by org.testng.reporters.JUnitReportReporter -->
<testsuite hostname="LAPTOP-MNGU4OV9" failures="0" tests="1" name="testCases.ExecuteTest" time="35.432" errors="0" timestamp="2024-01-25T07:34:39 IST" skipped="0">
  <testcase classname="testCases.ExecuteTest" name="testLogin" time="35.432"/>
  <system-out/>
</testsuite> <!-- testCases.ExecuteTest -->
