<?xml version="1.0" encoding="UTF-8"?>
<!-- Generated by org.testng.reporters.JUnitReportReporter -->
<testsuite hostname="LAPTOP-MNGU4OV9" failures="0" tests="1" name="testCases.ExecuteTest" time="17.630" errors="0" timestamp="2024-01-21T23:46:02 IST" skipped="0">
  <testcase classname="testCases.ExecuteTest" name="testLogin" time="17.630"/>
  <system-out/>
</testsuite> <!-- testCases.ExecuteTest -->
